1695809518.352406 client started (11127): version 3.3a, socket /tmp/tmux-1000/default, protocol 8
1695809518.352449 on Linux 6.4.12-arch1-1 #1 SMP PREEMPT_DYNAMIC Thu, 24 Aug 2023 00:38:14 +0000
1695809518.352456 using libevent 2.1.12-stable (poll); ncurses 6.4
1695809518.352480 flags are 0x18010000
1695809518.352486 socket is /tmp/tmux-1000/default
1695809518.352500 trying connect
1695809518.352587 add peer 0x55f3ae92b790: 6 ((nil))
1695809518.353059 sending message 100 to peer 0x55f3ae92b790 (4 bytes)
1695809518.353071 sending message 111 to peer 0x55f3ae92b790 (8 bytes)
1695809518.353078 sending message 101 to peer 0x55f3ae92b790 (15 bytes)
1695809518.353084 sending message 109 to peer 0x55f3ae92b790 (4 bytes)
1695809518.353090 sending message 102 to peer 0x55f3ae92b790 (11 bytes)
1695809518.353096 sending message 108 to peer 0x55f3ae92b790 (23 bytes)
1695809518.353102 sending message 112 to peer 0x55f3ae92b790 (58 bytes)
1695809518.353108 sending message 112 to peer 0x55f3ae92b790 (5 bytes)
1695809518.353114 sending message 112 to peer 0x55f3ae92b790 (5 bytes)
1695809518.353120 sending message 112 to peer 0x55f3ae92b790 (6 bytes)
1695809518.353126 sending message 112 to peer 0x55f3ae92b790 (6 bytes)
1695809518.353132 sending message 112 to peer 0x55f3ae92b790 (11 bytes)
1695809518.353137 sending message 112 to peer 0x55f3ae92b790 (10 bytes)
1695809518.353144 sending message 112 to peer 0x55f3ae92b790 (13 bytes)
1695809518.353150 sending message 112 to peer 0x55f3ae92b790 (14 bytes)
1695809518.353156 sending message 112 to peer 0x55f3ae92b790 (19 bytes)
1695809518.353162 sending message 112 to peer 0x55f3ae92b790 (11 bytes)
1695809518.353167 sending message 112 to peer 0x55f3ae92b790 (10 bytes)
1695809518.353173 sending message 112 to peer 0x55f3ae92b790 (15 bytes)
1695809518.353179 sending message 112 to peer 0x55f3ae92b790 (21 bytes)
1695809518.353185 sending message 112 to peer 0x55f3ae92b790 (13 bytes)
1695809518.353191 sending message 112 to peer 0x55f3ae92b790 (7 bytes)
1695809518.353197 sending message 112 to peer 0x55f3ae92b790 (13 bytes)
1695809518.353203 sending message 112 to peer 0x55f3ae92b790 (7 bytes)
1695809518.353208 sending message 112 to peer 0x55f3ae92b790 (13 bytes)
1695809518.353214 sending message 112 to peer 0x55f3ae92b790 (9 bytes)
1695809518.353220 sending message 112 to peer 0x55f3ae92b790 (21 bytes)
1695809518.353226 sending message 112 to peer 0x55f3ae92b790 (13 bytes)
1695809518.353232 sending message 112 to peer 0x55f3ae92b790 (9 bytes)
1695809518.353237 sending message 112 to peer 0x55f3ae92b790 (16 bytes)
1695809518.353243 sending message 112 to peer 0x55f3ae92b790 (13 bytes)
1695809518.353249 sending message 112 to peer 0x55f3ae92b790 (9 bytes)
1695809518.353255 sending message 112 to peer 0x55f3ae92b790 (9 bytes)
1695809518.353260 sending message 112 to peer 0x55f3ae92b790 (12 bytes)
1695809518.353266 sending message 112 to peer 0x55f3ae92b790 (8 bytes)
1695809518.353272 sending message 112 to peer 0x55f3ae92b790 (8 bytes)
1695809518.353278 sending message 112 to peer 0x55f3ae92b790 (13 bytes)
1695809518.353284 sending message 112 to peer 0x55f3ae92b790 (7 bytes)
1695809518.353290 sending message 112 to peer 0x55f3ae92b790 (7 bytes)
1695809518.353295 sending message 112 to peer 0x55f3ae92b790 (9 bytes)
1695809518.353301 sending message 112 to peer 0x55f3ae92b790 (9 bytes)
1695809518.353307 sending message 112 to peer 0x55f3ae92b790 (15 bytes)
1695809518.353313 sending message 112 to peer 0x55f3ae92b790 (13 bytes)
1695809518.353318 sending message 112 to peer 0x55f3ae92b790 (12 bytes)
1695809518.353324 sending message 112 to peer 0x55f3ae92b790 (8 bytes)
1695809518.353330 sending message 112 to peer 0x55f3ae92b790 (14 bytes)
1695809518.353335 sending message 112 to peer 0x55f3ae92b790 (11 bytes)
1695809518.353341 sending message 112 to peer 0x55f3ae92b790 (9 bytes)
1695809518.353347 sending message 112 to peer 0x55f3ae92b790 (10 bytes)
1695809518.353352 sending message 112 to peer 0x55f3ae92b790 (10 bytes)
1695809518.353358 sending message 112 to peer 0x55f3ae92b790 (10 bytes)
1695809518.353363 sending message 112 to peer 0x55f3ae92b790 (10 bytes)
1695809518.353380 sending message 112 to peer 0x55f3ae92b790 (11 bytes)
1695809518.353387 sending message 112 to peer 0x55f3ae92b790 (12 bytes)
1695809518.353393 sending message 112 to peer 0x55f3ae92b790 (12 bytes)
1695809518.353399 sending message 112 to peer 0x55f3ae92b790 (12 bytes)
1695809518.353405 sending message 112 to peer 0x55f3ae92b790 (12 bytes)
1695809518.353411 sending message 112 to peer 0x55f3ae92b790 (12 bytes)
1695809518.353417 sending message 112 to peer 0x55f3ae92b790 (11 bytes)
1695809518.353422 sending message 112 to peer 0x55f3ae92b790 (11 bytes)
1695809518.353428 sending message 112 to peer 0x55f3ae92b790 (12 bytes)
1695809518.353434 sending message 112 to peer 0x55f3ae92b790 (12 bytes)
1695809518.353440 sending message 112 to peer 0x55f3ae92b790 (12 bytes)
1695809518.353446 sending message 112 to peer 0x55f3ae92b790 (12 bytes)
1695809518.353451 sending message 112 to peer 0x55f3ae92b790 (12 bytes)
1695809518.353457 sending message 112 to peer 0x55f3ae92b790 (9 bytes)
1695809518.353463 sending message 112 to peer 0x55f3ae92b790 (12 bytes)
1695809518.353469 sending message 112 to peer 0x55f3ae92b790 (13 bytes)
1695809518.353475 sending message 112 to peer 0x55f3ae92b790 (13 bytes)
1695809518.353481 sending message 112 to peer 0x55f3ae92b790 (13 bytes)
1695809518.353487 sending message 112 to peer 0x55f3ae92b790 (13 bytes)
1695809518.353493 sending message 112 to peer 0x55f3ae92b790 (13 bytes)
1695809518.353499 sending message 112 to peer 0x55f3ae92b790 (8 bytes)
1695809518.353505 sending message 112 to peer 0x55f3ae92b790 (11 bytes)
1695809518.353511 sending message 112 to peer 0x55f3ae92b790 (11 bytes)
1695809518.353517 sending message 112 to peer 0x55f3ae92b790 (11 bytes)
1695809518.353523 sending message 112 to peer 0x55f3ae92b790 (12 bytes)
1695809518.353528 sending message 112 to peer 0x55f3ae92b790 (12 bytes)
1695809518.353534 sending message 112 to peer 0x55f3ae92b790 (12 bytes)
1695809518.353540 sending message 112 to peer 0x55f3ae92b790 (12 bytes)
1695809518.353546 sending message 112 to peer 0x55f3ae92b790 (13 bytes)
1695809518.353551 sending message 112 to peer 0x55f3ae92b790 (13 bytes)
1695809518.353557 sending message 112 to peer 0x55f3ae92b790 (13 bytes)
1695809518.353563 sending message 112 to peer 0x55f3ae92b790 (8 bytes)
1695809518.353569 sending message 112 to peer 0x55f3ae92b790 (13 bytes)
1695809518.353575 sending message 112 to peer 0x55f3ae92b790 (13 bytes)
1695809518.353581 sending message 112 to peer 0x55f3ae92b790 (13 bytes)
1695809518.353587 sending message 112 to peer 0x55f3ae92b790 (13 bytes)
1695809518.353592 sending message 112 to peer 0x55f3ae92b790 (13 bytes)
1695809518.353598 sending message 112 to peer 0x55f3ae92b790 (12 bytes)
1695809518.353604 sending message 112 to peer 0x55f3ae92b790 (12 bytes)
1695809518.353610 sending message 112 to peer 0x55f3ae92b790 (12 bytes)
1695809518.353615 sending message 112 to peer 0x55f3ae92b790 (12 bytes)
1695809518.353621 sending message 112 to peer 0x55f3ae92b790 (13 bytes)
1695809518.353627 sending message 112 to peer 0x55f3ae92b790 (8 bytes)
1695809518.353633 sending message 112 to peer 0x55f3ae92b790 (13 bytes)
1695809518.353638 sending message 112 to peer 0x55f3ae92b790 (13 bytes)
1695809518.353644 sending message 112 to peer 0x55f3ae92b790 (13 bytes)
1695809518.353650 sending message 112 to peer 0x55f3ae92b790 (13 bytes)
1695809518.353657 sending message 112 to peer 0x55f3ae92b790 (13 bytes)
1695809518.353667 sending message 112 to peer 0x55f3ae92b790 (13 bytes)
1695809518.353678 sending message 112 to peer 0x55f3ae92b790 (13 bytes)
1695809518.353689 sending message 112 to peer 0x55f3ae92b790 (12 bytes)
1695809518.353699 sending message 112 to peer 0x55f3ae92b790 (12 bytes)
1695809518.353707 sending message 112 to peer 0x55f3ae92b790 (12 bytes)
1695809518.353713 sending message 112 to peer 0x55f3ae92b790 (8 bytes)
1695809518.353719 sending message 112 to peer 0x55f3ae92b790 (12 bytes)
1695809518.353725 sending message 112 to peer 0x55f3ae92b790 (13 bytes)
1695809518.353731 sending message 112 to peer 0x55f3ae92b790 (13 bytes)
1695809518.353744 sending message 112 to peer 0x55f3ae92b790 (13 bytes)
1695809518.353750 sending message 112 to peer 0x55f3ae92b790 (13 bytes)
1695809518.353756 sending message 112 to peer 0x55f3ae92b790 (13 bytes)
1695809518.353762 sending message 112 to peer 0x55f3ae92b790 (13 bytes)
1695809518.353768 sending message 112 to peer 0x55f3ae92b790 (13 bytes)
1695809518.353774 sending message 112 to peer 0x55f3ae92b790 (13 bytes)
1695809518.353780 sending message 112 to peer 0x55f3ae92b790 (12 bytes)
1695809518.353786 sending message 112 to peer 0x55f3ae92b790 (10 bytes)
1695809518.353792 sending message 112 to peer 0x55f3ae92b790 (12 bytes)
1695809518.353798 sending message 112 to peer 0x55f3ae92b790 (12 bytes)
1695809518.353804 sending message 112 to peer 0x55f3ae92b790 (12 bytes)
1695809518.353810 sending message 112 to peer 0x55f3ae92b790 (13 bytes)
1695809518.353815 sending message 112 to peer 0x55f3ae92b790 (13 bytes)
1695809518.353821 sending message 112 to peer 0x55f3ae92b790 (13 bytes)
1695809518.353827 sending message 112 to peer 0x55f3ae92b790 (13 bytes)
1695809518.353833 sending message 112 to peer 0x55f3ae92b790 (13 bytes)
1695809518.353839 sending message 112 to peer 0x55f3ae92b790 (13 bytes)
1695809518.353844 sending message 112 to peer 0x55f3ae92b790 (13 bytes)
1695809518.353850 sending message 112 to peer 0x55f3ae92b790 (10 bytes)
1695809518.353856 sending message 112 to peer 0x55f3ae92b790 (13 bytes)
1695809518.353862 sending message 112 to peer 0x55f3ae92b790 (12 bytes)
1695809518.353868 sending message 112 to peer 0x55f3ae92b790 (12 bytes)
1695809518.353874 sending message 112 to peer 0x55f3ae92b790 (12 bytes)
1695809518.353880 sending message 112 to peer 0x55f3ae92b790 (10 bytes)
1695809518.353886 sending message 112 to peer 0x55f3ae92b790 (10 bytes)
1695809518.353892 sending message 112 to peer 0x55f3ae92b790 (10 bytes)
1695809518.353898 sending message 112 to peer 0x55f3ae92b790 (12 bytes)
1695809518.353903 sending message 112 to peer 0x55f3ae92b790 (13 bytes)
1695809518.353909 sending message 112 to peer 0x55f3ae92b790 (13 bytes)
1695809518.353915 sending message 112 to peer 0x55f3ae92b790 (13 bytes)
1695809518.353921 sending message 112 to peer 0x55f3ae92b790 (13 bytes)
1695809518.353926 sending message 112 to peer 0x55f3ae92b790 (13 bytes)
1695809518.353932 sending message 112 to peer 0x55f3ae92b790 (10 bytes)
1695809518.353938 sending message 112 to peer 0x55f3ae92b790 (11 bytes)
1695809518.353944 sending message 112 to peer 0x55f3ae92b790 (12 bytes)
1695809518.353949 sending message 112 to peer 0x55f3ae92b790 (12 bytes)
1695809518.353955 sending message 112 to peer 0x55f3ae92b790 (12 bytes)
1695809518.353961 sending message 112 to peer 0x55f3ae92b790 (12 bytes)
1695809518.353967 sending message 112 to peer 0x55f3ae92b790 (12 bytes)
1695809518.353972 sending message 112 to peer 0x55f3ae92b790 (11 bytes)
1695809518.353978 sending message 112 to peer 0x55f3ae92b790 (12 bytes)
1695809518.353984 sending message 112 to peer 0x55f3ae92b790 (12 bytes)
1695809518.353990 sending message 112 to peer 0x55f3ae92b790 (13 bytes)
1695809518.353995 sending message 112 to peer 0x55f3ae92b790 (13 bytes)
1695809518.354001 sending message 112 to peer 0x55f3ae92b790 (13 bytes)
1695809518.354007 sending message 112 to peer 0x55f3ae92b790 (13 bytes)
1695809518.354013 sending message 112 to peer 0x55f3ae92b790 (13 bytes)
1695809518.354018 sending message 112 to peer 0x55f3ae92b790 (10 bytes)
1695809518.354024 sending message 112 to peer 0x55f3ae92b790 (9 bytes)
1695809518.354030 sending message 112 to peer 0x55f3ae92b790 (12 bytes)
1695809518.354035 sending message 112 to peer 0x55f3ae92b790 (13 bytes)
1695809518.354041 sending message 112 to peer 0x55f3ae92b790 (13 bytes)
1695809518.354047 sending message 112 to peer 0x55f3ae92b790 (13 bytes)
1695809518.354053 sending message 112 to peer 0x55f3ae92b790 (13 bytes)
1695809518.354058 sending message 112 to peer 0x55f3ae92b790 (13 bytes)
1695809518.354064 sending message 112 to peer 0x55f3ae92b790 (9 bytes)
1695809518.354076 sending message 112 to peer 0x55f3ae92b790 (12 bytes)
1695809518.354082 sending message 112 to peer 0x55f3ae92b790 (13 bytes)
1695809518.354088 sending message 112 to peer 0x55f3ae92b790 (13 bytes)
1695809518.354094 sending message 112 to peer 0x55f3ae92b790 (13 bytes)
1695809518.354100 sending message 112 to peer 0x55f3ae92b790 (13 bytes)
1695809518.354106 sending message 112 to peer 0x55f3ae92b790 (13 bytes)
1695809518.354112 sending message 112 to peer 0x55f3ae92b790 (11 bytes)
1695809518.354118 sending message 112 to peer 0x55f3ae92b790 (12 bytes)
1695809518.354124 sending message 112 to peer 0x55f3ae92b790 (13 bytes)
1695809518.354130 sending message 112 to peer 0x55f3ae92b790 (13 bytes)
1695809518.354135 sending message 112 to peer 0x55f3ae92b790 (13 bytes)
1695809518.354141 sending message 112 to peer 0x55f3ae92b790 (13 bytes)
1695809518.354147 sending message 112 to peer 0x55f3ae92b790 (13 bytes)
1695809518.354153 sending message 112 to peer 0x55f3ae92b790 (11 bytes)
1695809518.354159 sending message 112 to peer 0x55f3ae92b790 (12 bytes)
1695809518.354165 sending message 112 to peer 0x55f3ae92b790 (12 bytes)
1695809518.354171 sending message 112 to peer 0x55f3ae92b790 (12 bytes)
1695809518.354177 sending message 112 to peer 0x55f3ae92b790 (12 bytes)
1695809518.354182 sending message 112 to peer 0x55f3ae92b790 (12 bytes)
1695809518.354188 sending message 112 to peer 0x55f3ae92b790 (21 bytes)
1695809518.354194 sending message 112 to peer 0x55f3ae92b790 (12 bytes)
1695809518.354200 sending message 112 to peer 0x55f3ae92b790 (9 bytes)
1695809518.354206 sending message 112 to peer 0x55f3ae92b790 (6 bytes)
1695809518.354212 sending message 112 to peer 0x55f3ae92b790 (13 bytes)
1695809518.354217 sending message 112 to peer 0x55f3ae92b790 (10 bytes)
1695809518.354223 sending message 112 to peer 0x55f3ae92b790 (24 bytes)
1695809518.354229 sending message 112 to peer 0x55f3ae92b790 (13 bytes)
1695809518.354235 sending message 112 to peer 0x55f3ae92b790 (9 bytes)
1695809518.354241 sending message 112 to peer 0x55f3ae92b790 (70 bytes)
1695809518.354247 sending message 112 to peer 0x55f3ae92b790 (69 bytes)
1695809518.354253 sending message 112 to peer 0x55f3ae92b790 (12 bytes)
1695809518.354259 sending message 112 to peer 0x55f3ae92b790 (10 bytes)
1695809518.354264 sending message 112 to peer 0x55f3ae92b790 (10 bytes)
1695809518.354270 sending message 112 to peer 0x55f3ae92b790 (24 bytes)
1695809518.354276 sending message 112 to peer 0x55f3ae92b790 (13 bytes)
1695809518.354282 sending message 112 to peer 0x55f3ae92b790 (10 bytes)
1695809518.354288 sending message 112 to peer 0x55f3ae92b790 (10 bytes)
1695809518.354294 sending message 112 to peer 0x55f3ae92b790 (10 bytes)
1695809518.354299 sending message 112 to peer 0x55f3ae92b790 (13 bytes)
1695809518.354305 sending message 112 to peer 0x55f3ae92b790 (15 bytes)
1695809518.354311 sending message 112 to peer 0x55f3ae92b790 (5 bytes)
1695809518.354319 sending message 104 to peer 0x55f3ae92b790 (0 bytes)
1695809518.354326 sending message 110 to peer 0x55f3ae92b790 (0 bytes)
1695809518.354332 sending message 107 to peer 0x55f3ae92b790 (4 bytes)
1695809518.354338 sending message 105 to peer 0x55f3ae92b790 (16 bytes)
1695809518.354344 sending message 105 to peer 0x55f3ae92b790 (18 bytes)
1695809518.354350 sending message 105 to peer 0x55f3ae92b790 (20 bytes)
1695809518.354356 sending message 105 to peer 0x55f3ae92b790 (10 bytes)
1695809518.354362 sending message 105 to peer 0x55f3ae92b790 (50 bytes)
1695809518.354368 sending message 105 to peer 0x55f3ae92b790 (32 bytes)
1695809518.354373 sending message 105 to peer 0x55f3ae92b790 (15 bytes)
1695809518.354379 sending message 105 to peer 0x55f3ae92b790 (27 bytes)
1695809518.354385 sending message 105 to peer 0x55f3ae92b790 (27 bytes)
1695809518.354391 sending message 105 to peer 0x55f3ae92b790 (12 bytes)
1695809518.354396 sending message 105 to peer 0x55f3ae92b790 (21 bytes)
1695809518.354402 sending message 105 to peer 0x55f3ae92b790 (34 bytes)
1695809518.354408 sending message 105 to peer 0x55f3ae92b790 (15 bytes)
1695809518.354420 sending message 105 to peer 0x55f3ae92b790 (15 bytes)
1695809518.354426 sending message 105 to peer 0x55f3ae92b790 (17 bytes)
1695809518.354432 sending message 105 to peer 0x55f3ae92b790 (27 bytes)
1695809518.354438 sending message 105 to peer 0x55f3ae92b790 (33 bytes)
1695809518.354444 sending message 105 to peer 0x55f3ae92b790 (13 bytes)
1695809518.354450 sending message 105 to peer 0x55f3ae92b790 (23 bytes)
1695809518.354455 sending message 105 to peer 0x55f3ae92b790 (23 bytes)
1695809518.354461 sending message 105 to peer 0x55f3ae92b790 (20 bytes)
1695809518.354467 sending message 105 to peer 0x55f3ae92b790 (9 bytes)
1695809518.354473 sending message 105 to peer 0x55f3ae92b790 (15 bytes)
1695809518.354478 sending message 105 to peer 0x55f3ae92b790 (11 bytes)
1695809518.354484 sending message 105 to peer 0x55f3ae92b790 (8 bytes)
1695809518.354490 sending message 105 to peer 0x55f3ae92b790 (11 bytes)
1695809518.354495 sending message 105 to peer 0x55f3ae92b790 (17 bytes)
1695809518.354501 sending message 105 to peer 0x55f3ae92b790 (31 bytes)
1695809518.354507 sending message 105 to peer 0x55f3ae92b790 (50 bytes)
1695809518.354513 sending message 105 to peer 0x55f3ae92b790 (125 bytes)
1695809518.354519 sending message 105 to peer 0x55f3ae92b790 (54 bytes)
1695809518.354524 sending message 105 to peer 0x55f3ae92b790 (25 bytes)
1695809518.354530 sending message 105 to peer 0x55f3ae92b790 (13 bytes)
1695809518.354536 sending message 105 to peer 0x55f3ae92b790 (17 bytes)
1695809518.354542 sending message 106 to peer 0x55f3ae92b790 (0 bytes)
1695809518.354598 sending message 200 to peer 0x55f3ae92b790 (4 bytes)
1695809518.354607 client loop enter
1695809518.364053 peer 0x55f3ae92b790 message 207
1695809518.364085 sending message 208 to peer 0x55f3ae92b790 (0 bytes)
1695809524.016661 peer 0x55f3ae92b790 message 203
1695809524.016688 sending message 205 to peer 0x55f3ae92b790 (0 bytes)
1695809524.016996 peer 0x55f3ae92b790 message 204
1695809524.017012 client loop exit
